[2025-06-16T16:04:54.928+0000] {local_task_job_runner.py:120} INFO - ::group::Pre task execution logs
[2025-06-16T16:04:54.957+0000] {taskinstance.py:2076} INFO - Dependencies all met for dep_context=non-requeueable deps ti=<TaskInstance: nba_etl_to_postgres.fetch_shot_chart_and_load_to_postgres manual__2025-06-16T16:04:50.354891+00:00 [queued]>
[2025-06-16T16:04:55.111+0000] {taskinstance.py:2076} INFO - Dependencies all met for dep_context=requeueable deps ti=<TaskInstance: nba_etl_to_postgres.fetch_shot_chart_and_load_to_postgres manual__2025-06-16T16:04:50.354891+00:00 [queued]>
[2025-06-16T16:04:55.112+0000] {taskinstance.py:2306} INFO - Starting attempt 1 of 2
[2025-06-16T16:04:55.152+0000] {taskinstance.py:2330} INFO - Executing <Task(PythonOperator): fetch_shot_chart_and_load_to_postgres> on 2025-06-16 16:04:50.354891+00:00
[2025-06-16T16:04:55.159+0000] {standard_task_runner.py:63} INFO - Started process 4905 to run task
[2025-06-16T16:04:55.165+0000] {standard_task_runner.py:90} INFO - Running: ['***', 'tasks', 'run', 'nba_etl_to_postgres', 'fetch_shot_chart_and_load_to_postgres', 'manual__2025-06-16T16:04:50.354891+00:00', '--job-id', '54', '--raw', '--subdir', 'DAGS_FOLDER/etl_pipeline.py', '--cfg-path', '/tmp/tmpa3ip4o0v']
[2025-06-16T16:04:55.166+0000] {standard_task_runner.py:91} INFO - Job 54: Subtask fetch_shot_chart_and_load_to_postgres
[2025-06-16T16:04:55.259+0000] {task_command.py:426} INFO - Running <TaskInstance: nba_etl_to_postgres.fetch_shot_chart_and_load_to_postgres manual__2025-06-16T16:04:50.354891+00:00 [running]> on host 11d91b3c2b82
[2025-06-16T16:04:55.448+0000] {taskinstance.py:2648} INFO - Exporting env vars: AIRFLOW_CTX_DAG_OWNER='***' AIRFLOW_CTX_DAG_ID='nba_etl_to_postgres' AIRFLOW_CTX_TASK_ID='fetch_shot_chart_and_load_to_postgres' AIRFLOW_CTX_EXECUTION_DATE='2025-06-16T16:04:50.354891+00:00' AIRFLOW_CTX_TRY_NUMBER='1' AIRFLOW_CTX_DAG_RUN_ID='manual__2025-06-16T16:04:50.354891+00:00'
[2025-06-16T16:04:55.448+0000] {taskinstance.py:430} INFO - ::endgroup::
[2025-06-16T16:04:55.475+0000] {logging_mixin.py:188} WARNING - /opt/***/dags/etl_pipeline.py:151 UserWarning: pandas only supports SQLAlchemy connectable (engine/connection) or database string URI or sqlite3 DBAPI2 connection. Other DBAPI2 objects are not tested. Please consider using SQLAlchemy.
[2025-06-16T16:04:55.478+0000] {logging_mixin.py:188} INFO - Failed to fetch schedule data from database: Execution failed on sql 'SELECT date, home_team, away_team FROM stgschedule WHERE date >= 2024-10-23 limit 20': operator does not exist: date >= integer
LINE 1: ... home_team, away_team FROM stgschedule WHERE date >= 2024-10...
                                                             ^
HINT:  No operator matches the given name and argument types. You might need to add explicit type casts.
[2025-06-16T16:04:55.479+0000] {taskinstance.py:441} INFO - ::group::Post task execution logs
[2025-06-16T16:04:55.479+0000] {taskinstance.py:2905} ERROR - Task failed with exception
Traceback (most recent call last):
  File "/home/airflow/.local/lib/python3.9/site-packages/pandas/io/sql.py", line 2262, in execute
    cur.execute(sql, *args)
psycopg2.errors.UndefinedFunction: operator does not exist: date >= integer
LINE 1: ... home_team, away_team FROM stgschedule WHERE date >= 2024-10...
                                                             ^
HINT:  No operator matches the given name and argument types. You might need to add explicit type casts.


The above exception was the direct cause of the following exception:

Traceback (most recent call last):
  File "/home/airflow/.local/lib/python3.9/site-packages/airflow/models/taskinstance.py", line 465, in _execute_task
    result = _execute_callable(context=context, **execute_callable_kwargs)
  File "/home/airflow/.local/lib/python3.9/site-packages/airflow/models/taskinstance.py", line 432, in _execute_callable
    return execute_callable(context=context, **execute_callable_kwargs)
  File "/home/airflow/.local/lib/python3.9/site-packages/airflow/models/baseoperator.py", line 400, in wrapper
    return func(self, *args, **kwargs)
  File "/home/airflow/.local/lib/python3.9/site-packages/airflow/operators/python.py", line 235, in execute
    return_value = self.execute_callable()
  File "/home/airflow/.local/lib/python3.9/site-packages/airflow/operators/python.py", line 252, in execute_callable
    return self.python_callable(*self.op_args, **self.op_kwargs)
  File "/opt/airflow/dags/etl_pipeline.py", line 151, in fetch_and_load_shot_chart_to_stage
    df_schedule = pd.read_sql(f"SELECT date, home_team, away_team FROM stgschedule WHERE date >= {date} limit 20", conn)
  File "/home/airflow/.local/lib/python3.9/site-packages/pandas/io/sql.py", line 654, in read_sql
    return pandas_sql.read_query(
  File "/home/airflow/.local/lib/python3.9/site-packages/pandas/io/sql.py", line 2326, in read_query
    cursor = self.execute(sql, params)
  File "/home/airflow/.local/lib/python3.9/site-packages/pandas/io/sql.py", line 2274, in execute
    raise ex from exc
pandas.errors.DatabaseError: Execution failed on sql 'SELECT date, home_team, away_team FROM stgschedule WHERE date >= 2024-10-23 limit 20': operator does not exist: date >= integer
LINE 1: ... home_team, away_team FROM stgschedule WHERE date >= 2024-10...
                                                             ^
HINT:  No operator matches the given name and argument types. You might need to add explicit type casts.

[2025-06-16T16:04:55.493+0000] {taskinstance.py:1206} INFO - Marking task as UP_FOR_RETRY. dag_id=nba_etl_to_postgres, task_id=fetch_shot_chart_and_load_to_postgres, run_id=manual__2025-06-16T16:04:50.354891+00:00, execution_date=20250616T160450, start_date=20250616T160454, end_date=20250616T160455
[2025-06-16T16:04:55.535+0000] {standard_task_runner.py:110} ERROR - Failed to execute job 54 for task fetch_shot_chart_and_load_to_postgres (Execution failed on sql 'SELECT date, home_team, away_team FROM stgschedule WHERE date >= 2024-10-23 limit 20': operator does not exist: date >= integer
LINE 1: ... home_team, away_team FROM stgschedule WHERE date >= 2024-10...
                                                             ^
HINT:  No operator matches the given name and argument types. You might need to add explicit type casts.
; 4905)
[2025-06-16T16:04:55.579+0000] {local_task_job_runner.py:240} INFO - Task exited with return code 1
[2025-06-16T16:04:55.602+0000] {taskinstance.py:3498} INFO - 0 downstream tasks scheduled from follow-on schedule check
[2025-06-16T16:04:55.636+0000] {local_task_job_runner.py:222} INFO - ::endgroup::
